INFO:logger:
---------------------------------------------------------------
API v1.1 online: http://localhost:8080/users/


INFO:werkzeug:[31m[1mWARNING: This is a development server. Do not use it in a production deployment. Use a production WSGI server instead.[0m
 * Running on all addresses (0.0.0.0)
 * Running on http://127.0.0.1:5000
 * Running on http://172.23.0.3:5000
INFO:werkzeug:[33mPress CTRL+C to quit[0m
INFO:werkzeug: * Restarting with stat
INFO:logger:
---------------------------------------------------------------
API v1.1 online: http://localhost:8080/users/


WARNING:werkzeug: * Debugger is active!
INFO:werkzeug: * Debugger PIN: 102-069-690
INFO:logger:GET /users
DEBUG:logger:GET /users - parse
DEBUG:logger:('ssmith', 'Scott Smith', 'New York')
ERROR:logger:GET /users - error: invalid literal for int() with base 10: 'ssmith'
INFO:werkzeug:192.168.65.1 - - [19/Mar/2024 01:19:20] "GET /users/ HTTP/1.1" 200 -
INFO:werkzeug: * Detected change in '/app/demo-proj.py', reloading
INFO:werkzeug: * Restarting with stat
INFO:logger:
---------------------------------------------------------------
API v1.1 online: http://localhost:8080/users/


WARNING:werkzeug: * Debugger is active!
INFO:werkzeug: * Debugger PIN: 102-069-690
INFO:logger:GET /users
DEBUG:logger:GET /users - parse
DEBUG:logger:('ssmith', 'Scott Smith', 'New York')
DEBUG:logger:('aking', 'Allen King', 'Dallas')
DEBUG:logger:('jford', 'Jones Ford', 'Chicago')
DEBUG:logger:('mmiller', 'Martin Miller', 'Boston')
INFO:werkzeug:192.168.65.1 - - [19/Mar/2024 01:19:48] "GET /users/ HTTP/1.1" 200 -
INFO:werkzeug:192.168.65.1 - - [19/Mar/2024 01:20:17] "[32mGET /users/ssmith HTTP/1.1[0m" 308 -
INFO:logger:GET /users/<username>
DEBUG:logger:username: {username}
DEBUG:logger:GET /users/<username> - parse
DEBUG:logger:('ssmith', 'Scott Smith', 'New York')
ERROR:logger:GET /users/<username> - error: invalid literal for int() with base 10: 'ssmith'
INFO:werkzeug:192.168.65.1 - - [19/Mar/2024 01:20:17] "GET /users/ssmith/ HTTP/1.1" 200 -
INFO:werkzeug: * Detected change in '/app/demo-proj.py', reloading
INFO:werkzeug: * Restarting with stat
INFO:logger:
---------------------------------------------------------------
API v1.1 online: http://localhost:8080/users/


WARNING:werkzeug: * Debugger is active!
INFO:werkzeug: * Debugger PIN: 102-069-690
INFO:logger:GET /users/<username>
DEBUG:logger:username: {username}
DEBUG:logger:GET /users/<username> - parse
DEBUG:logger:('ssmith', 'Scott Smith', 'New York')
INFO:werkzeug:192.168.65.1 - - [19/Mar/2024 01:20:26] "GET /users/ssmith/ HTTP/1.1" 200 -
INFO:logger:POST /users
DEBUG:logger:POST /users - payload: {'city': 'London', 'username': 'ppopov', 'name': 'Peter Popov'}
INFO:werkzeug:192.168.65.1 - - [19/Mar/2024 01:20:39] "POST /users/ HTTP/1.1" 200 -
INFO:logger:GET /users
DEBUG:logger:GET /users - parse
DEBUG:logger:('ssmith', 'Scott Smith', 'New York')
DEBUG:logger:('aking', 'Allen King', 'Dallas')
DEBUG:logger:('jford', 'Jones Ford', 'Chicago')
DEBUG:logger:('mmiller', 'Martin Miller', 'Boston')
DEBUG:logger:('ppopov', 'London', 'Peter Popov')
INFO:werkzeug:192.168.65.1 - - [19/Mar/2024 01:20:45] "GET /users/ HTTP/1.1" 200 -
INFO:werkzeug:192.168.65.1 - - [19/Mar/2024 01:21:30] "[31m[1mPUT /users/ HTTP/1.1[0m" 405 -
INFO:werkzeug: * Detected change in '/app/demo-proj.py', reloading
INFO:werkzeug: * Restarting with stat
INFO:logger:
---------------------------------------------------------------
API v1.1 online: http://localhost:8080/users/


WARNING:werkzeug: * Debugger is active!
INFO:werkzeug: * Debugger PIN: 102-069-690
INFO:logger:PUT /users/<username>
INFO:werkzeug:192.168.65.1 - - [19/Mar/2024 01:21:56] "[31m[1mPUT /users/ssmith HTTP/1.1[0m" 400 -
INFO:logger:PUT /users/<username>
INFO:werkzeug:192.168.65.1 - - [19/Mar/2024 01:22:15] "[31m[1mPUT /users/ssmith HTTP/1.1[0m" 400 -
INFO:logger:PUT /users/<username>
DEBUG:logger:PUT /users/<username> - payload: {'username': 'scottsmith', 'city': 'Raleigh'}
INFO:werkzeug:192.168.65.1 - - [19/Mar/2024 01:22:56] "PUT /users/ssmith HTTP/1.1" 200 -
INFO:logger:GET /users
DEBUG:logger:GET /users - parse
DEBUG:logger:('aking', 'Allen King', 'Dallas')
DEBUG:logger:('jford', 'Jones Ford', 'Chicago')
DEBUG:logger:('mmiller', 'Martin Miller', 'Boston')
DEBUG:logger:('ppopov', 'London', 'Peter Popov')
DEBUG:logger:('ssmith', 'Scott Smith', 'Raleigh')
INFO:werkzeug:192.168.65.1 - - [19/Mar/2024 01:23:00] "GET /users/ HTTP/1.1" 200 -
INFO:logger:PUT /users/<username>
DEBUG:logger:PUT /users/<username> - payload: {'city': 'Raleigh'}
INFO:werkzeug:192.168.65.1 - - [19/Mar/2024 01:23:33] "PUT /users/ssmith HTTP/1.1" 200 -
INFO:logger:GET /users
DEBUG:logger:GET /users - parse
DEBUG:logger:('aking', 'Allen King', 'Dallas')
DEBUG:logger:('jford', 'Jones Ford', 'Chicago')
DEBUG:logger:('mmiller', 'Martin Miller', 'Boston')
DEBUG:logger:('ppopov', 'London', 'Peter Popov')
DEBUG:logger:('ssmith', 'Scott Smith', 'Raleigh')
INFO:werkzeug:192.168.65.1 - - [19/Mar/2024 01:23:42] "GET /users/ HTTP/1.1" 200 -
INFO:logger:PUT /users/<username>
DEBUG:logger:PUT /users/<username> - payload: {'city': 'Raleigh1'}
INFO:werkzeug:192.168.65.1 - - [19/Mar/2024 01:23:50] "PUT /users/ssmith HTTP/1.1" 200 -
INFO:logger:GET /users
DEBUG:logger:GET /users - parse
DEBUG:logger:('aking', 'Allen King', 'Dallas')
DEBUG:logger:('jford', 'Jones Ford', 'Chicago')
DEBUG:logger:('mmiller', 'Martin Miller', 'Boston')
DEBUG:logger:('ppopov', 'London', 'Peter Popov')
DEBUG:logger:('ssmith', 'Scott Smith', 'Raleigh1')
INFO:werkzeug:192.168.65.1 - - [19/Mar/2024 01:23:52] "GET /users/ HTTP/1.1" 200 -
INFO:werkzeug: * Detected change in '/app/demo-proj.py', reloading
INFO:werkzeug: * Restarting with stat
INFO:logger:
---------------------------------------------------------------
API v1.1 online: http://localhost:8080/users/


WARNING:werkzeug: * Debugger is active!
INFO:werkzeug: * Debugger PIN: 102-069-690
INFO:logger:
---------------------------------------------------------------
API v1.1 online: http://localhost:8080/users/


INFO:werkzeug:[31m[1mWARNING: This is a development server. Do not use it in a production deployment. Use a production WSGI server instead.[0m
 * Running on all addresses (0.0.0.0)
 * Running on http://127.0.0.1:5000
 * Running on http://172.26.0.3:5000
INFO:werkzeug:[33mPress CTRL+C to quit[0m
INFO:werkzeug: * Restarting with stat
INFO:logger:
---------------------------------------------------------------
API v1.1 online: http://localhost:8080/users/


WARNING:werkzeug: * Debugger is active!
INFO:werkzeug: * Debugger PIN: 297-826-753
INFO:logger:GET /users
DEBUG:logger:GET /users - parse
DEBUG:logger:('ssmith', 'Scott Smith', 'New York')
DEBUG:logger:('aking', 'Allen King', 'Dallas')
DEBUG:logger:('jford', 'Jones Ford', 'Chicago')
DEBUG:logger:('mmiller', 'Martin Miller', 'Boston')
INFO:werkzeug:192.168.65.1 - - [19/Mar/2024 01:50:27] "GET /users/ HTTP/1.1" 200 -
INFO:logger:GET /users/<username>
DEBUG:logger:username: {username}
DEBUG:logger:GET /users/<username> - parse
DEBUG:logger:('ssmith', 'Scott Smith', 'New York')
INFO:werkzeug:192.168.65.1 - - [19/Mar/2024 01:50:29] "GET /users/ssmith/ HTTP/1.1" 200 -
INFO:logger:GET /users/<username>
DEBUG:logger:username: {username}
DEBUG:logger:GET /users/<username> - parse
DEBUG:logger:('ssmith', 'Scott Smith', 'New York')
INFO:werkzeug:192.168.65.1 - - [19/Mar/2024 01:50:30] "GET /users/ssmith/ HTTP/1.1" 200 -
INFO:logger:GET /users
DEBUG:logger:GET /users - parse
DEBUG:logger:('ssmith', 'Scott Smith', 'New York')
DEBUG:logger:('aking', 'Allen King', 'Dallas')
DEBUG:logger:('jford', 'Jones Ford', 'Chicago')
DEBUG:logger:('mmiller', 'Martin Miller', 'Boston')
INFO:werkzeug:192.168.65.1 - - [19/Mar/2024 01:54:50] "GET /users/ HTTP/1.1" 200 -
INFO:werkzeug:192.168.65.1 - - [19/Mar/2024 01:54:55] "[32mGET /users/ssmith HTTP/1.1[0m" 308 -
INFO:logger:GET /users/<username>
DEBUG:logger:username: {username}
DEBUG:logger:GET /users/<username> - parse
DEBUG:logger:('ssmith', 'Scott Smith', 'New York')
INFO:werkzeug:192.168.65.1 - - [19/Mar/2024 01:54:55] "GET /users/ssmith/ HTTP/1.1" 200 -
INFO:logger:POST /users
DEBUG:logger:POST /users - payload: {'username': 'ppopov', 'city': 'London', 'name': 'Peter Popov'}
INFO:werkzeug:192.168.65.1 - - [19/Mar/2024 01:54:58] "POST /users/ HTTP/1.1" 200 -
INFO:logger:GET /users
DEBUG:logger:GET /users - parse
DEBUG:logger:('ssmith', 'Scott Smith', 'New York')
DEBUG:logger:('aking', 'Allen King', 'Dallas')
DEBUG:logger:('jford', 'Jones Ford', 'Chicago')
DEBUG:logger:('mmiller', 'Martin Miller', 'Boston')
DEBUG:logger:('ppopov', 'London', 'Peter Popov')
INFO:werkzeug:192.168.65.1 - - [19/Mar/2024 01:55:02] "GET /users/ HTTP/1.1" 200 -
INFO:logger:PUT /users/<username>
DEBUG:logger:PUT /users/<username> - payload: {'city': 'Raleigh'}
INFO:werkzeug:192.168.65.1 - - [19/Mar/2024 01:55:41] "PUT /users/69 HTTP/1.1" 200 -
INFO:logger:PUT /users/<username>
DEBUG:logger:PUT /users/<username> - payload: {'city': 'Raleigh'}
INFO:werkzeug:192.168.65.1 - - [19/Mar/2024 01:56:35] "PUT /users/ssmith HTTP/1.1" 200 -
INFO:logger:GET /users
DEBUG:logger:GET /users - parse
DEBUG:logger:('aking', 'Allen King', 'Dallas')
DEBUG:logger:('jford', 'Jones Ford', 'Chicago')
DEBUG:logger:('mmiller', 'Martin Miller', 'Boston')
DEBUG:logger:('ppopov', 'London', 'Peter Popov')
DEBUG:logger:('ssmith', 'Scott Smith', 'Raleigh')
INFO:werkzeug:192.168.65.1 - - [19/Mar/2024 01:56:40] "GET /users/ HTTP/1.1" 200 -
INFO:werkzeug: * Detected change in '/app/demo-proj.py', reloading
INFO:werkzeug: * Restarting with stat
INFO:logger:
---------------------------------------------------------------
API v1.1 online: http://localhost:8080/users/


WARNING:werkzeug: * Debugger is active!
INFO:werkzeug: * Debugger PIN: 297-826-753
INFO:logger:
---------------------------------------------------------------
API v1.1 online: http://localhost:8080/users/


INFO:werkzeug:[31m[1mWARNING: This is a development server. Do not use it in a production deployment. Use a production WSGI server instead.[0m
 * Running on all addresses (0.0.0.0)
 * Running on http://127.0.0.1:5000
 * Running on http://172.27.0.3:5000
INFO:werkzeug:[33mPress CTRL+C to quit[0m
INFO:werkzeug: * Restarting with stat
INFO:logger:
---------------------------------------------------------------
API v1.1 online: http://localhost:8080/users/


WARNING:werkzeug: * Debugger is active!
INFO:werkzeug: * Debugger PIN: 914-062-211
INFO:logger:GET /users/<username>
DEBUG:logger:username: {username}
DEBUG:logger:GET /users/<username> - parse
DEBUG:logger:('ssmith', 'Scott Smith', 'New York')
INFO:werkzeug:192.168.65.1 - - [19/Mar/2024 02:00:48] "GET /users/ssmith/ HTTP/1.1" 200 -
INFO:logger:GET /users/<username>
DEBUG:logger:username: {username}
DEBUG:logger:GET /users/<username> - parse
DEBUG:logger:('ssmith', 'Scott Smith', 'New York')
INFO:werkzeug:192.168.65.1 - - [19/Mar/2024 02:00:51] "GET /users/ssmith/ HTTP/1.1" 200 -
INFO:logger:GET /users
DEBUG:logger:GET /users - parse
DEBUG:logger:('ssmith', 'Scott Smith', 'New York')
DEBUG:logger:('aking', 'Allen King', 'Dallas')
DEBUG:logger:('jford', 'Jones Ford', 'Chicago')
DEBUG:logger:('mmiller', 'Martin Miller', 'Boston')
INFO:werkzeug:192.168.65.1 - - [19/Mar/2024 02:00:51] "GET /users/ HTTP/1.1" 200 -
INFO:logger:POST /users
DEBUG:logger:POST /users - payload: {'city': 'London', 'username': 'ppopov', 'name': 'Peter Popov'}
INFO:werkzeug:192.168.65.1 - - [19/Mar/2024 02:01:03] "POST /users/ HTTP/1.1" 200 -
INFO:logger:GET /users
DEBUG:logger:GET /users - parse
DEBUG:logger:('ssmith', 'Scott Smith', 'New York')
DEBUG:logger:('aking', 'Allen King', 'Dallas')
DEBUG:logger:('jford', 'Jones Ford', 'Chicago')
DEBUG:logger:('mmiller', 'Martin Miller', 'Boston')
DEBUG:logger:('ppopov', 'London', 'Peter Popov')
INFO:werkzeug:192.168.65.1 - - [19/Mar/2024 02:01:06] "GET /users/ HTTP/1.1" 200 -
INFO:logger:
---------------------------------------------------------------
API v1.1 online: http://localhost:8080/users/


INFO:werkzeug:[31m[1mWARNING: This is a development server. Do not use it in a production deployment. Use a production WSGI server instead.[0m
 * Running on all addresses (0.0.0.0)
 * Running on http://127.0.0.1:5000
 * Running on http://172.18.0.3:5000
INFO:werkzeug:[33mPress CTRL+C to quit[0m
INFO:werkzeug: * Restarting with stat
INFO:logger:
---------------------------------------------------------------
API v1.1 online: http://localhost:8080/users/


WARNING:werkzeug: * Debugger is active!
INFO:werkzeug: * Debugger PIN: 136-812-916
INFO:logger:GET /users
DEBUG:logger:GET /users - parse
DEBUG:logger:(100, 'buyer1', 'password1', 'buyer1@gmail.com', 'Buyer')
DEBUG:logger:(200, 'seller1', 'password2', 'seller1@gmail.com', None)
DEBUG:logger:(300, 'buyer2', 'password3', 'buyer2@gmail.com', None)
DEBUG:logger:(400, 'seller2', 'password4', 'seller2@gmail.com', None)
INFO:werkzeug:172.18.0.1 - - [11/Apr/2024 20:40:56] "GET /users/ HTTP/1.1" 200 -
INFO:werkzeug:172.18.0.1 - - [11/Apr/2024 20:40:56] "[33mGET /favicon.ico HTTP/1.1[0m" 404 -
INFO:logger:GET /users/<username>
DEBUG:logger:username: {username}
DEBUG:logger:GET /users/<username> - parse
DEBUG:logger:(100, 'buyer1', 'password1', 'buyer1@gmail.com', 'Buyer')
INFO:werkzeug:172.18.0.1 - - [11/Apr/2024 20:41:08] "GET /users/buyer1/ HTTP/1.1" 200 -
INFO:logger:
---------------------------------------------------------------
API v1.1 online: http://localhost:8080/users/


INFO:werkzeug:[31m[1mWARNING: This is a development server. Do not use it in a production deployment. Use a production WSGI server instead.[0m
 * Running on all addresses (0.0.0.0)
 * Running on http://127.0.0.1:5000
 * Running on http://172.19.0.3:5000
INFO:werkzeug:[33mPress CTRL+C to quit[0m
INFO:werkzeug: * Restarting with stat
INFO:logger:
---------------------------------------------------------------
API v1.1 online: http://localhost:8080/users/


WARNING:werkzeug: * Debugger is active!
INFO:werkzeug: * Debugger PIN: 842-180-070
INFO:logger:GET /users
DEBUG:logger:GET /users - parse
DEBUG:logger:(100, 'buyer1', 'password1', 'buyer1@gmail.com', 'Buyer')
DEBUG:logger:(200, 'seller1', 'password2', 'seller1@gmail.com', None)
DEBUG:logger:(300, 'buyer2', 'password3', 'buyer2@gmail.com', None)
DEBUG:logger:(400, 'seller2', 'password4', 'seller2@gmail.com', None)
INFO:werkzeug:172.19.0.1 - - [11/Apr/2024 20:44:23] "GET /users/ HTTP/1.1" 200 -
INFO:logger:GET /users/<username>
DEBUG:logger:username: {username}
ERROR:logger:GET /users/<username> - error: list index out of range
INFO:werkzeug:172.19.0.1 - - [11/Apr/2024 20:44:27] "GET /users/buyers/ HTTP/1.1" 200 -
INFO:logger:GET /users/<username>
DEBUG:logger:username: {username}
DEBUG:logger:GET /users/<username> - parse
DEBUG:logger:(100, 'buyer1', 'password1', 'buyer1@gmail.com', 'Buyer')
INFO:werkzeug:172.19.0.1 - - [11/Apr/2024 20:44:32] "GET /users/buyer1/ HTTP/1.1" 200 -
INFO:logger:
---------------------------------------------------------------
API v1.1 online: http://localhost:8080/users/


INFO:werkzeug:[31m[1mWARNING: This is a development server. Do not use it in a production deployment. Use a production WSGI server instead.[0m
 * Running on all addresses (0.0.0.0)
 * Running on http://127.0.0.1:5000
 * Running on http://172.20.0.3:5000
INFO:werkzeug:[33mPress CTRL+C to quit[0m
INFO:werkzeug: * Restarting with stat
INFO:logger:
---------------------------------------------------------------
API v1.1 online: http://localhost:8080/users/


WARNING:werkzeug: * Debugger is active!
INFO:werkzeug: * Debugger PIN: 184-305-624
INFO:logger:GET /users/<username>
DEBUG:logger:username: {username}
DEBUG:logger:GET /users/<username> - parse
DEBUG:logger:(100, 'buyer1', 'password1', 'buyer1@gmail.com', 'Buyer')
INFO:werkzeug:172.20.0.1 - - [11/Apr/2024 20:50:40] "GET /users/buyer1/ HTTP/1.1" 200 -
INFO:logger:GET /users
DEBUG:logger:GET /users - parse
DEBUG:logger:(100, 'buyer1', 'password1', 'buyer1@gmail.com', 'Buyer')
DEBUG:logger:(200, 'seller1', 'password2', 'seller1@gmail.com', None)
DEBUG:logger:(300, 'buyer2', 'password3', 'buyer2@gmail.com', None)
DEBUG:logger:(400, 'seller2', 'password4', 'seller2@gmail.com', None)
INFO:werkzeug:172.20.0.1 - - [11/Apr/2024 20:50:45] "GET /users/ HTTP/1.1" 200 -
INFO:logger:
---------------------------------------------------------------
API v1.1 online: http://localhost:8080/users/


INFO:werkzeug:[31m[1mWARNING: This is a development server. Do not use it in a production deployment. Use a production WSGI server instead.[0m
 * Running on all addresses (0.0.0.0)
 * Running on http://127.0.0.1:5000
 * Running on http://172.21.0.3:5000
INFO:werkzeug:[33mPress CTRL+C to quit[0m
INFO:werkzeug: * Restarting with stat
INFO:logger:
---------------------------------------------------------------
API v1.1 online: http://localhost:8080/users/


WARNING:werkzeug: * Debugger is active!
INFO:werkzeug: * Debugger PIN: 136-903-678
INFO:logger:GET /users
DEBUG:logger:GET /users - parse
DEBUG:logger:(100, 'buyer1', 'password1', 'buyer1@gmail.com', 'Buyer')
DEBUG:logger:(200, 'seller1', 'password2', 'seller1@gmail.com', None)
DEBUG:logger:(300, 'buyer2', 'password3', 'buyer2@gmail.com', None)
DEBUG:logger:(400, 'seller2', 'password4', 'seller2@gmail.com', None)
INFO:werkzeug:172.21.0.1 - - [11/Apr/2024 20:51:21] "GET /users/ HTTP/1.1" 200 -
INFO:logger:GET /users
DEBUG:logger:GET /users - parse
DEBUG:logger:(100, 'buyer1', 'password1', 'buyer1@gmail.com', 'Buyer')
DEBUG:logger:(200, 'seller1', 'password2', 'seller1@gmail.com', None)
DEBUG:logger:(300, 'buyer2', 'password3', 'buyer2@gmail.com', None)
DEBUG:logger:(400, 'seller2', 'password4', 'seller2@gmail.com', None)
INFO:werkzeug:172.21.0.1 - - [11/Apr/2024 20:51:22] "GET /users/ HTTP/1.1" 200 -
INFO:logger:GET /users
DEBUG:logger:GET /users - parse
DEBUG:logger:(100, 'buyer1', 'password1', 'buyer1@gmail.com', 'Buyer')
DEBUG:logger:(200, 'seller1', 'password2', 'seller1@gmail.com', None)
DEBUG:logger:(300, 'buyer2', 'password3', 'buyer2@gmail.com', None)
DEBUG:logger:(400, 'seller2', 'password4', 'seller2@gmail.com', None)
INFO:werkzeug:172.21.0.1 - - [11/Apr/2024 20:51:23] "GET /users/ HTTP/1.1" 200 -
INFO:logger:GET /users
DEBUG:logger:GET /users - parse
DEBUG:logger:(100, 'buyer1', 'password1', 'buyer1@gmail.com', 'Buyer')
DEBUG:logger:(200, 'seller1', 'password2', 'seller1@gmail.com', None)
DEBUG:logger:(300, 'buyer2', 'password3', 'buyer2@gmail.com', None)
DEBUG:logger:(400, 'seller2', 'password4', 'seller2@gmail.com', None)
INFO:werkzeug:172.21.0.1 - - [11/Apr/2024 20:51:24] "GET /users/ HTTP/1.1" 200 -
INFO:werkzeug: * Detected change in '/app/demo-proj.py', reloading
INFO:werkzeug: * Restarting with stat
INFO:logger:
---------------------------------------------------------------
API v1.1 online: http://localhost:8080/users/


WARNING:werkzeug: * Debugger is active!
INFO:werkzeug: * Debugger PIN: 136-903-678
INFO:werkzeug:172.21.0.1 - - [11/Apr/2024 20:52:29] "[31m[1mGET /users/ HTTP/1.1[0m" 405 -
INFO:logger:
---------------------------------------------------------------
API v1.1 online: http://localhost:8080/users/


INFO:werkzeug:[31m[1mWARNING: This is a development server. Do not use it in a production deployment. Use a production WSGI server instead.[0m
 * Running on all addresses (0.0.0.0)
 * Running on http://127.0.0.1:5000
 * Running on http://192.168.1.125:5000
INFO:werkzeug:[33mPress CTRL+C to quit[0m
INFO:werkzeug: * Restarting with stat
INFO:logger:
---------------------------------------------------------------
API v1.1 online: http://localhost:8080/users/


WARNING:werkzeug: * Debugger is active!
INFO:werkzeug: * Debugger PIN: 414-376-200
INFO:werkzeug: * Detected change in 'C:\\Users\\bgazj\\OneDrive\\UNC Charlotte\\Spring 2024\\ITCS 3160\\db-proj-api\\db-proj-api\\python\\app\\demo-proj.py', reloading
INFO:werkzeug: * Restarting with stat
INFO:logger:
---------------------------------------------------------------
API v1.1 online: http://localhost:8080/users/


INFO:werkzeug:[31m[1mWARNING: This is a development server. Do not use it in a production deployment. Use a production WSGI server instead.[0m
 * Running on all addresses (0.0.0.0)
 * Running on http://127.0.0.1:5000
 * Running on http://172.19.0.3:5000
INFO:werkzeug:[33mPress CTRL+C to quit[0m
INFO:werkzeug: * Restarting with stat
INFO:logger:
---------------------------------------------------------------
API v1.1 online: http://localhost:8080/users/


WARNING:werkzeug: * Debugger is active!
INFO:werkzeug: * Debugger PIN: 688-647-440
INFO:logger:GET /users
DEBUG:logger:GET /users - parse
DEBUG:logger:(100, 'buyer1', 'password1', 'buyer1@gmail.com', 'Buyer')
DEBUG:logger:(200, 'seller1', 'password2', 'seller1@gmail.com', None)
DEBUG:logger:(300, 'buyer2', 'password3', 'buyer2@gmail.com', None)
DEBUG:logger:(400, 'seller2', 'password4', 'seller2@gmail.com', None)
INFO:werkzeug:172.19.0.1 - - [15/Apr/2024 17:42:58] "GET /users/ HTTP/1.1" 200 -
INFO:werkzeug:172.19.0.1 - - [15/Apr/2024 17:42:58] "[33mGET /favicon.ico HTTP/1.1[0m" 404 -
INFO:werkzeug:172.19.0.1 - - [15/Apr/2024 17:43:04] "[31m[1mGET /auctions/ HTTP/1.1[0m" 405 -
INFO:werkzeug:172.19.0.1 - - [15/Apr/2024 17:43:07] "[31m[1mGET /auctions/ HTTP/1.1[0m" 405 -
INFO:logger:GET /users
DEBUG:logger:GET /users - parse
DEBUG:logger:(100, 'buyer1', 'password1', 'buyer1@gmail.com', 'Buyer')
DEBUG:logger:(200, 'seller1', 'password2', 'seller1@gmail.com', None)
DEBUG:logger:(300, 'buyer2', 'password3', 'buyer2@gmail.com', None)
DEBUG:logger:(400, 'seller2', 'password4', 'seller2@gmail.com', None)
INFO:werkzeug:172.19.0.1 - - [15/Apr/2024 17:50:15] "GET /users/ HTTP/1.1" 200 -
INFO:logger:POST /auctions/
DEBUG:logger:POST /auctions/ - payload: {'title': 'Test Auction', 'end_time': '2024-04-30T23:59:59', 'status': 'open'}
ERROR:logger:POST /auctions/ - error: null value in column "auction_id" of relation "auctions" violates not-null constraint
DETAIL:  Failing row contains (null, Test Auction, 2024-04-30 23:59:59, open).

INFO:werkzeug:172.19.0.1 - - [15/Apr/2024 17:54:24] "POST /auctions/ HTTP/1.1" 200 -
INFO:logger:
---------------------------------------------------------------
API v1.1 online: http://localhost:8080/users/


INFO:werkzeug:[31m[1mWARNING: This is a development server. Do not use it in a production deployment. Use a production WSGI server instead.[0m
 * Running on all addresses (0.0.0.0)
 * Running on http://127.0.0.1:5000
 * Running on http://172.20.0.3:5000
INFO:werkzeug:[33mPress CTRL+C to quit[0m
INFO:werkzeug: * Restarting with stat
INFO:logger:
---------------------------------------------------------------
API v1.1 online: http://localhost:8080/users/


WARNING:werkzeug: * Debugger is active!
INFO:werkzeug: * Debugger PIN: 953-865-607
INFO:logger:POST /auctions/
DEBUG:logger:POST /auctions/ - payload: {'title': 'Test Auction', 'end_time': '2024-04-30T23:59:59', 'status': 'open'}
INFO:werkzeug:172.20.0.1 - - [15/Apr/2024 17:57:29] "POST /auctions/ HTTP/1.1" 200 -
INFO:logger:
---------------------------------------------------------------
API v1.1 online: http://localhost:8080/users/


INFO:werkzeug:[31m[1mWARNING: This is a development server. Do not use it in a production deployment. Use a production WSGI server instead.[0m
 * Running on all addresses (0.0.0.0)
 * Running on http://127.0.0.1:5000
 * Running on http://172.21.0.3:5000
INFO:werkzeug:[33mPress CTRL+C to quit[0m
INFO:werkzeug: * Restarting with stat
INFO:logger:
---------------------------------------------------------------
API v1.1 online: http://localhost:8080/users/


WARNING:werkzeug: * Debugger is active!
INFO:werkzeug: * Debugger PIN: 134-780-760
INFO:logger:GET /users
DEBUG:logger:GET /users - parse
DEBUG:logger:(100, 'buyer1', 'password1', 'buyer1@gmail.com', 'Buyer')
DEBUG:logger:(200, 'seller1', 'password2', 'seller1@gmail.com', None)
DEBUG:logger:(300, 'buyer2', 'password3', 'buyer2@gmail.com', None)
DEBUG:logger:(400, 'seller2', 'password4', 'seller2@gmail.com', None)
INFO:werkzeug:172.21.0.1 - - [15/Apr/2024 21:06:40] "GET /users/ HTTP/1.1" 200 -
INFO:werkzeug:172.21.0.1 - - [15/Apr/2024 21:06:40] "[33mGET /favicon.ico HTTP/1.1[0m" 404 -
INFO:logger:GET /auctions/open/
INFO:werkzeug:172.21.0.1 - - [15/Apr/2024 21:07:04] "GET /auctions/list HTTP/1.1" 200 -
INFO:logger:POST /auctions/
DEBUG:logger:POST /auctions/ - payload: {'title': 'Test Auction', 'end_time': '2024-04-30T23:59:59', 'status': 'open'}
INFO:werkzeug:172.21.0.1 - - [15/Apr/2024 21:07:59] "POST /auctions/ HTTP/1.1" 200 -
INFO:logger:GET /auctions/open/
INFO:werkzeug:172.21.0.1 - - [15/Apr/2024 21:08:08] "GET /auctions/list HTTP/1.1" 200 -
INFO:logger:GET /auctions/open/
INFO:werkzeug:172.21.0.1 - - [15/Apr/2024 21:08:18] "GET /auctions/list HTTP/1.1" 200 -
INFO:werkzeug: * Detected change in '/app/demo-proj.py', reloading
INFO:werkzeug: * Restarting with stat
INFO:logger:
---------------------------------------------------------------
API v1.1 online: http://localhost:8080/users/


WARNING:werkzeug: * Debugger is active!
INFO:werkzeug: * Debugger PIN: 134-780-760
INFO:logger:
---------------------------------------------------------------
API v1.1 online: http://localhost:8080/users/


INFO:werkzeug:[31m[1mWARNING: This is a development server. Do not use it in a production deployment. Use a production WSGI server instead.[0m
 * Running on all addresses (0.0.0.0)
 * Running on http://127.0.0.1:5000
 * Running on http://172.22.0.3:5000
INFO:werkzeug:[33mPress CTRL+C to quit[0m
INFO:werkzeug: * Restarting with stat
INFO:logger:
---------------------------------------------------------------
API v1.1 online: http://localhost:8080/users/


WARNING:werkzeug: * Debugger is active!
INFO:werkzeug: * Debugger PIN: 678-250-288
INFO:logger:GET /users
DEBUG:logger:GET /users - parse
DEBUG:logger:(100, 'buyer1', 'password1', 'buyer1@gmail.com', 'Buyer')
DEBUG:logger:(200, 'seller1', 'password2', 'seller1@gmail.com', None)
DEBUG:logger:(300, 'buyer2', 'password3', 'buyer2@gmail.com', None)
DEBUG:logger:(400, 'seller2', 'password4', 'seller2@gmail.com', None)
INFO:werkzeug:172.22.0.1 - - [15/Apr/2024 22:10:56] "GET /users/ HTTP/1.1" 200 -
INFO:logger:GET /auctions/open/
INFO:werkzeug:172.22.0.1 - - [15/Apr/2024 22:11:05] "GET /auctions/list HTTP/1.1" 200 -
INFO:logger:GET /auctions/open/
INFO:werkzeug:172.22.0.1 - - [15/Apr/2024 22:11:08] "GET /auctions/list HTTP/1.1" 200 -
INFO:logger:
---------------------------------------------------------------
API v1.1 online: http://localhost:8080/users/


INFO:werkzeug:[31m[1mWARNING: This is a development server. Do not use it in a production deployment. Use a production WSGI server instead.[0m
 * Running on all addresses (0.0.0.0)
 * Running on http://127.0.0.1:5000
 * Running on http://172.22.0.3:5000
INFO:werkzeug:[33mPress CTRL+C to quit[0m
INFO:werkzeug: * Restarting with stat
INFO:logger:
---------------------------------------------------------------
API v1.1 online: http://localhost:8080/users/


WARNING:werkzeug: * Debugger is active!
INFO:werkzeug: * Debugger PIN: 130-975-854
INFO:logger:POST /auctions/
DEBUG:logger:POST /auctions/ - payload: {'title': 'Test Auction', 'description': 'This is a test auction', 'end_time': '2024-04-30T23:59:59', 'status': 'open'}
ERROR:logger:POST /auctions/ - error: not all arguments converted during string formatting
INFO:werkzeug:172.22.0.1 - - [15/Apr/2024 22:31:37] "POST /auctions/ HTTP/1.1" 200 -
INFO:logger:GET /users
DEBUG:logger:GET /users - parse
DEBUG:logger:(100, 'buyer1', 'password1', 'buyer1@gmail.com', 'Buyer')
DEBUG:logger:(200, 'seller1', 'password2', 'seller1@gmail.com', None)
DEBUG:logger:(300, 'buyer2', 'password3', 'buyer2@gmail.com', None)
DEBUG:logger:(400, 'seller2', 'password4', 'seller2@gmail.com', None)
INFO:werkzeug:172.22.0.1 - - [15/Apr/2024 22:32:30] "GET /users/ HTTP/1.1" 200 -
INFO:logger:GET /auctions/open/
INFO:werkzeug:172.22.0.1 - - [15/Apr/2024 22:32:31] "GET /auctions/list HTTP/1.1" 200 -
INFO:werkzeug:172.22.0.1 - - [15/Apr/2024 22:32:31] "[33mGET /favicon.ico HTTP/1.1[0m" 404 -
INFO:werkzeug:172.22.0.1 - - [15/Apr/2024 22:32:40] "[33mGET /buyer1 HTTP/1.1[0m" 404 -
INFO:werkzeug:172.22.0.1 - - [15/Apr/2024 22:32:42] "[33mGET /buyer1 HTTP/1.1[0m" 404 -
INFO:logger:GET /users
DEBUG:logger:GET /users - parse
DEBUG:logger:(100, 'buyer1', 'password1', 'buyer1@gmail.com', 'Buyer')
DEBUG:logger:(200, 'seller1', 'password2', 'seller1@gmail.com', None)
DEBUG:logger:(300, 'buyer2', 'password3', 'buyer2@gmail.com', None)
DEBUG:logger:(400, 'seller2', 'password4', 'seller2@gmail.com', None)
INFO:werkzeug:172.22.0.1 - - [15/Apr/2024 22:33:02] "GET /users/ HTTP/1.1" 200 -
INFO:logger:GET /auctions/open/
INFO:werkzeug:172.22.0.1 - - [15/Apr/2024 22:33:04] "GET /auctions/list HTTP/1.1" 200 -
INFO:logger:
---------------------------------------------------------------
API v1.1 online: http://localhost:8080/users/


INFO:werkzeug:[31m[1mWARNING: This is a development server. Do not use it in a production deployment. Use a production WSGI server instead.[0m
 * Running on all addresses (0.0.0.0)
 * Running on http://127.0.0.1:5000
 * Running on http://192.168.1.125:5000
INFO:werkzeug:[33mPress CTRL+C to quit[0m
INFO:werkzeug: * Restarting with stat
INFO:werkzeug: * Detected change in '/app/demo-proj.py', reloading
INFO:werkzeug: * Restarting with stat
INFO:logger:
---------------------------------------------------------------
API v1.1 online: http://localhost:8080/users/


WARNING:werkzeug: * Debugger is active!
INFO:werkzeug: * Debugger PIN: 130-975-854
INFO:logger:POST /auctions/
DEBUG:logger:POST /auctions/ - payload: {'title': 'Test Auction', 'description': 'This is a Test auction', 'end_time': '2024-04-30T23:59:59', 'status': 'open'}
INFO:werkzeug:172.22.0.1 - - [15/Apr/2024 22:34:33] "POST /auctions/ HTTP/1.1" 200 -
INFO:logger:GET /auctions/open/
INFO:werkzeug:172.22.0.1 - - [15/Apr/2024 22:34:42] "GET /auctions/list HTTP/1.1" 200 -
INFO:werkzeug: * Detected change in '/app/demo-proj.py', reloading
INFO:werkzeug: * Restarting with stat
INFO:logger:
---------------------------------------------------------------
API v1.1 online: http://localhost:8080/users/


WARNING:werkzeug: * Debugger is active!
INFO:werkzeug: * Debugger PIN: 130-975-854
INFO:werkzeug: * Detected change in '/app/demo-proj.py', reloading
INFO:werkzeug: * Restarting with stat
INFO:logger:
---------------------------------------------------------------
API v1.1 online: http://localhost:8080/users/


WARNING:werkzeug: * Debugger is active!
INFO:werkzeug: * Debugger PIN: 130-975-854
INFO:logger:GET /auctions/open/
INFO:werkzeug:172.22.0.1 - - [15/Apr/2024 23:00:52] "GET /auctions/list HTTP/1.1" 200 -
INFO:logger:
---------------------------------------------------------------
API v1.1 online: http://localhost:8080/users/


INFO:werkzeug:[31m[1mWARNING: This is a development server. Do not use it in a production deployment. Use a production WSGI server instead.[0m
 * Running on all addresses (0.0.0.0)
 * Running on http://127.0.0.1:5000
 * Running on http://172.18.0.3:5000
INFO:werkzeug:[33mPress CTRL+C to quit[0m
INFO:werkzeug: * Restarting with stat
INFO:logger:
---------------------------------------------------------------
API v1.1 online: http://localhost:8080/users/


WARNING:werkzeug: * Debugger is active!
INFO:werkzeug: * Debugger PIN: 293-401-890
INFO:logger:POST /auctions/
DEBUG:logger:POST /auctions/ - payload: {'title': 'Test Auction', 'description': 'This is a test!!', 'end_time': '2024-04-30T23:59:59', 'status': 'open'}
INFO:werkzeug:172.18.0.1 - - [15/Apr/2024 23:02:25] "POST /auctions/ HTTP/1.1" 200 -
INFO:logger:GET /auctions/open/
INFO:werkzeug:172.18.0.1 - - [15/Apr/2024 23:02:33] "GET /auctions/list HTTP/1.1" 200 -
INFO:logger:GET /auctions/open/
INFO:werkzeug:172.18.0.1 - - [15/Apr/2024 23:02:35] "GET /auctions/list HTTP/1.1" 200 -
INFO:logger:GET /auctions/search/
INFO:werkzeug:172.18.0.1 - - [15/Apr/2024 23:02:50] "GET /auctions/search/ HTTP/1.1" 200 -
INFO:logger:GET /auctions/search/
INFO:werkzeug:172.18.0.1 - - [15/Apr/2024 23:03:03] "GET /auctions/search/ HTTP/1.1" 200 -
INFO:werkzeug:172.18.0.1 - - [15/Apr/2024 23:03:07] "[33mGET /auctions/search/1/ HTTP/1.1[0m" 404 -
INFO:werkzeug:172.18.0.1 - - [15/Apr/2024 23:03:10] "[33mGET /auctions/search1 HTTP/1.1[0m" 404 -
INFO:logger:
---------------------------------------------------------------
API v1.1 online: http://localhost:8080/users/


INFO:werkzeug:[31m[1mWARNING: This is a development server. Do not use it in a production deployment. Use a production WSGI server instead.[0m
 * Running on all addresses (0.0.0.0)
 * Running on http://127.0.0.1:5000
 * Running on http://10.107.152.55:5000
INFO:werkzeug:[33mPress CTRL+C to quit[0m
INFO:werkzeug: * Restarting with stat
INFO:logger:
---------------------------------------------------------------
API v1.1 online: http://localhost:8080/users/


WARNING:werkzeug: * Debugger is active!
INFO:werkzeug: * Debugger PIN: 772-107-773
INFO:logger:
---------------------------------------------------------------
API v1.1 online: http://localhost:8080/users/


INFO:werkzeug:[31m[1mWARNING: This is a development server. Do not use it in a production deployment. Use a production WSGI server instead.[0m
 * Running on all addresses (0.0.0.0)
 * Running on http://127.0.0.1:5000
 * Running on http://172.18.0.3:5000
INFO:werkzeug:[33mPress CTRL+C to quit[0m
INFO:werkzeug: * Restarting with stat
INFO:logger:
---------------------------------------------------------------
API v1.1 online: http://localhost:8080/users/


WARNING:werkzeug: * Debugger is active!
INFO:werkzeug: * Debugger PIN: 312-684-614
INFO:logger:GET /users
DEBUG:logger:GET /users - parse
DEBUG:logger:(100, 'buyer1', 'password1', 'buyer1@gmail.com', 'Buyer')
DEBUG:logger:(200, 'seller1', 'password2', 'seller1@gmail.com', None)
DEBUG:logger:(300, 'buyer2', 'password3', 'buyer2@gmail.com', None)
DEBUG:logger:(400, 'seller2', 'password4', 'seller2@gmail.com', None)
INFO:werkzeug:172.18.0.1 - - [16/Apr/2024 20:13:13] "GET /users/ HTTP/1.1" 200 -
INFO:werkzeug:172.18.0.1 - - [16/Apr/2024 20:13:13] "[33mGET /favicon.ico HTTP/1.1[0m" 404 -
INFO:werkzeug:172.18.0.1 - - [16/Apr/2024 20:13:19] "[31m[1mGET /auctions/ HTTP/1.1[0m" 405 -
INFO:werkzeug:172.18.0.1 - - [16/Apr/2024 20:13:22] "[33mGET /auction/ HTTP/1.1[0m" 404 -
INFO:werkzeug:172.18.0.1 - - [16/Apr/2024 20:13:26] "[33mGET /auctions HTTP/1.1[0m" 404 -
INFO:logger:GET /auctions/open/
INFO:werkzeug:172.18.0.1 - - [16/Apr/2024 20:13:43] "GET /auctions/list HTTP/1.1" 200 -
INFO:logger:POST /auctions/
DEBUG:logger:POST /auctions/ - payload: {'title': 'Test Auction', 'description': 'A beautiful test auction.', 'end_time': '2024-04-30T23:59:59', 'status': 'open'}
INFO:werkzeug:172.18.0.1 - - [16/Apr/2024 20:24:49] "POST /auctions/ HTTP/1.1" 200 -
INFO:logger:POST /auctions/
DEBUG:logger:POST /auctions/ - payload: {'title': 'Test Auction 2', 'description': 'A marvelous test auction.', 'end_time': '2024-04-30T23:59:59', 'status': 'open'}
INFO:werkzeug:172.18.0.1 - - [16/Apr/2024 20:25:23] "POST /auctions/ HTTP/1.1" 200 -
INFO:logger:POST /auctions/
DEBUG:logger:POST /auctions/ - payload: {'title': "Ben's auction", 'description': 'This is an auction for Ben.', 'end_time': '2024-04-30T23:59:59', 'status': 'open'}
INFO:werkzeug:172.18.0.1 - - [16/Apr/2024 20:25:51] "POST /auctions/ HTTP/1.1" 200 -
INFO:logger:GET /auctions/open/
INFO:werkzeug:172.18.0.1 - - [16/Apr/2024 20:25:56] "GET /auctions/list HTTP/1.1" 200 -
INFO:logger:GET /auctions/search/
ERROR:logger:GET /auctions/search/ - error: syntax error at or near "ILIKE"
LINE 1: SELECT * FROM auctions WHEREdescription ILIKE '%beautiful%'
                                                ^

INFO:werkzeug:172.18.0.1 - - [16/Apr/2024 20:26:28] "GET /auctions/search/?description=beautiful HTTP/1.1" 200 -
INFO:werkzeug: * Detected change in '/app/demo-proj.py', reloading
INFO:werkzeug: * Restarting with stat
INFO:logger:
---------------------------------------------------------------
API v1.1 online: http://localhost:8080/users/


WARNING:werkzeug: * Debugger is active!
INFO:werkzeug: * Debugger PIN: 312-684-614
INFO:logger:
---------------------------------------------------------------
API v1.1 online: http://localhost:8080/users/


INFO:werkzeug:[31m[1mWARNING: This is a development server. Do not use it in a production deployment. Use a production WSGI server instead.[0m
 * Running on all addresses (0.0.0.0)
 * Running on http://127.0.0.1:5000
 * Running on http://172.19.0.3:5000
INFO:werkzeug:[33mPress CTRL+C to quit[0m
INFO:werkzeug: * Restarting with stat
INFO:logger:
---------------------------------------------------------------
API v1.1 online: http://localhost:8080/users/


WARNING:werkzeug: * Debugger is active!
INFO:werkzeug: * Debugger PIN: 143-339-422
INFO:logger:GET /auctions/open/
INFO:werkzeug:172.19.0.1 - - [16/Apr/2024 20:28:40] "GET /auctions/list HTTP/1.1" 200 -
INFO:logger:POST /auctions/
DEBUG:logger:POST /auctions/ - payload: {'title': 'Test Auction', 'description': 'A beautiful test auction.', 'end_time': '2024-04-30T23:59:59', 'status': 'open'}
INFO:werkzeug:172.19.0.1 - - [16/Apr/2024 20:28:59] "POST /auctions/ HTTP/1.1" 200 -
INFO:logger:POST /auctions/
DEBUG:logger:POST /auctions/ - payload: {'title': 'Test Auction', 'description': 'A marvelous test auction.', 'end_time': '2024-04-30T23:59:59', 'status': 'open'}
INFO:werkzeug:172.19.0.1 - - [16/Apr/2024 20:29:27] "POST /auctions/ HTTP/1.1" 200 -
INFO:logger:POST /auctions/
DEBUG:logger:POST /auctions/ - payload: {'title': "Ben's Auction", 'description': 'This is an auction for Ben Gazjuk.', 'end_time': '2024-04-30T23:59:59', 'status': 'closed'}
INFO:werkzeug:172.19.0.1 - - [16/Apr/2024 20:29:57] "POST /auctions/ HTTP/1.1" 200 -
INFO:logger:GET /auctions/open/
INFO:werkzeug:172.19.0.1 - - [16/Apr/2024 20:30:04] "GET /auctions/list HTTP/1.1" 200 -
INFO:logger:GET /auctions/search/
INFO:werkzeug:172.19.0.1 - - [16/Apr/2024 20:30:33] "GET /auctions/search/?description=beautiful HTTP/1.1" 200 -
INFO:logger:GET /auctions/search/
INFO:werkzeug:172.19.0.1 - - [16/Apr/2024 20:30:42] "GET /auctions/search/?description=Marvelous HTTP/1.1" 200 -
INFO:logger:GET /auctions/search/
INFO:werkzeug:172.19.0.1 - - [16/Apr/2024 20:30:49] "GET /auctions/search/?description=auction HTTP/1.1" 200 -
INFO:logger:GET /auctions/search/
INFO:werkzeug:172.19.0.1 - - [16/Apr/2024 20:30:57] "GET /auctions/search/?Title=2 HTTP/1.1" 200 -
INFO:logger:GET /auctions/search/
INFO:werkzeug:172.19.0.1 - - [16/Apr/2024 20:31:09] "GET /auctions/search/?Title=2 HTTP/1.1" 200 -
INFO:logger:GET /auctions/search/
INFO:werkzeug:172.19.0.1 - - [16/Apr/2024 20:31:33] "GET /auctions/search/?description=ben HTTP/1.1" 200 -
INFO:logger:GET /auctions/search/
INFO:werkzeug:172.19.0.1 - - [16/Apr/2024 20:31:40] "GET /auctions/search/?title=auction HTTP/1.1" 200 -
INFO:logger:GET /auctions/search/
INFO:werkzeug:172.19.0.1 - - [16/Apr/2024 20:31:56] "GET /auctions/search/?auction_id=3 HTTP/1.1" 200 -
INFO:logger:
---------------------------------------------------------------
API v1.1 online: http://localhost:8080/users/


INFO:werkzeug:[31m[1mWARNING: This is a development server. Do not use it in a production deployment. Use a production WSGI server instead.[0m
 * Running on all addresses (0.0.0.0)
 * Running on http://127.0.0.1:5000
 * Running on http://172.20.0.3:5000
INFO:werkzeug:[33mPress CTRL+C to quit[0m
INFO:werkzeug: * Restarting with stat
INFO:logger:
---------------------------------------------------------------
API v1.1 online: http://localhost:8080/users/


WARNING:werkzeug: * Debugger is active!
INFO:werkzeug: * Debugger PIN: 127-350-701
INFO:logger:GET /auctions/open/
INFO:werkzeug:172.20.0.1 - - [16/Apr/2024 20:47:36] "GET /auctions/list HTTP/1.1" 200 -
INFO:logger:GET /users
DEBUG:logger:GET /users - parse
DEBUG:logger:(100, 'buyer1', 'password1', 'buyer1@gmail.com', 'Buyer')
DEBUG:logger:(200, 'seller1', 'password2', 'seller1@gmail.com', None)
DEBUG:logger:(300, 'buyer2', 'password3', 'buyer2@gmail.com', None)
DEBUG:logger:(400, 'seller2', 'password4', 'seller2@gmail.com', None)
INFO:werkzeug:172.20.0.1 - - [16/Apr/2024 20:47:42] "GET /users/ HTTP/1.1" 200 -
INFO:werkzeug:172.20.0.1 - - [16/Apr/2024 20:47:52] "[33mGET /buyer2 HTTP/1.1[0m" 404 -
INFO:werkzeug:172.20.0.1 - - [16/Apr/2024 20:47:55] "[33mGET /buyer2/ HTTP/1.1[0m" 404 -
INFO:werkzeug:172.20.0.1 - - [16/Apr/2024 20:48:02] "[32mGET /users/buyer2 HTTP/1.1[0m" 308 -
INFO:logger:GET /users/<username>
DEBUG:logger:username: {username}
DEBUG:logger:GET /users/<username> - parse
DEBUG:logger:(300, 'buyer2', 'password3', 'buyer2@gmail.com', None)
INFO:werkzeug:172.20.0.1 - - [16/Apr/2024 20:48:02] "GET /users/buyer2/ HTTP/1.1" 200 -
INFO:logger:GET /users
DEBUG:logger:GET /users - parse
DEBUG:logger:(100, 'buyer1', 'password1', 'buyer1@gmail.com', 'Buyer')
DEBUG:logger:(200, 'seller1', 'password2', 'seller1@gmail.com', None)
DEBUG:logger:(300, 'buyer2', 'password3', 'buyer2@gmail.com', None)
DEBUG:logger:(400, 'seller2', 'password4', 'seller2@gmail.com', None)
INFO:werkzeug:172.20.0.1 - - [16/Apr/2024 20:48:15] "GET /users/ HTTP/1.1" 200 -
INFO:logger:
---------------------------------------------------------------
API v1.1 online: http://localhost:8080/users/


INFO:werkzeug:[31m[1mWARNING: This is a development server. Do not use it in a production deployment. Use a production WSGI server instead.[0m
 * Running on all addresses (0.0.0.0)
 * Running on http://127.0.0.1:5000
 * Running on http://172.21.0.3:5000
INFO:werkzeug:[33mPress CTRL+C to quit[0m
INFO:werkzeug: * Restarting with stat
INFO:logger:
---------------------------------------------------------------
API v1.1 online: http://localhost:8080/users/


WARNING:werkzeug: * Debugger is active!
INFO:werkzeug: * Debugger PIN: 162-006-440
INFO:logger:GET /users
DEBUG:logger:GET /users - parse
DEBUG:logger:(100, 'buyer1', 'password1', 'buyer1@gmail.com', 'Buyer')
DEBUG:logger:(200, 'seller1', 'password2', 'seller1@gmail.com', 'Seller')
DEBUG:logger:(300, 'buyer2', 'password3', 'buyer2@gmail.com', 'Buyer')
DEBUG:logger:(400, 'seller2', 'password4', 'seller2@gmail.com', 'Seller')
INFO:werkzeug:172.21.0.1 - - [16/Apr/2024 20:51:42] "GET /users/ HTTP/1.1" 200 -
INFO:logger:GET /users
DEBUG:logger:GET /users - parse
DEBUG:logger:(100, 'buyer1', 'password1', 'buyer1@gmail.com', 'Buyer')
DEBUG:logger:(200, 'seller1', 'password2', 'seller1@gmail.com', 'Seller')
DEBUG:logger:(300, 'buyer2', 'password3', 'buyer2@gmail.com', 'Buyer')
DEBUG:logger:(400, 'seller2', 'password4', 'seller2@gmail.com', 'Seller')
INFO:werkzeug:172.21.0.1 - - [16/Apr/2024 20:51:45] "GET /users/ HTTP/1.1" 200 -
INFO:logger:GET /users
DEBUG:logger:GET /users - parse
DEBUG:logger:(100, 'buyer1', 'password1', 'buyer1@gmail.com', 'Buyer')
DEBUG:logger:(200, 'seller1', 'password2', 'seller1@gmail.com', 'Seller')
DEBUG:logger:(300, 'buyer2', 'password3', 'buyer2@gmail.com', 'Buyer')
DEBUG:logger:(400, 'seller2', 'password4', 'seller2@gmail.com', 'Seller')
INFO:werkzeug:172.21.0.1 - - [16/Apr/2024 20:51:50] "GET /users/ HTTP/1.1" 200 -
INFO:logger:GET /users
DEBUG:logger:GET /users - parse
DEBUG:logger:(100, 'buyer1', 'password1', 'buyer1@gmail.com', 'Buyer')
DEBUG:logger:(200, 'seller1', 'password2', 'seller1@gmail.com', 'Seller')
DEBUG:logger:(300, 'buyer2', 'password3', 'buyer2@gmail.com', 'Buyer')
DEBUG:logger:(400, 'seller2', 'password4', 'seller2@gmail.com', 'Seller')
INFO:werkzeug:172.21.0.1 - - [16/Apr/2024 20:51:55] "GET /users/ HTTP/1.1" 200 -
INFO:logger:
---------------------------------------------------------------
API v1.1 online: http://localhost:8080/users/


INFO:werkzeug:[31m[1mWARNING: This is a development server. Do not use it in a production deployment. Use a production WSGI server instead.[0m
 * Running on all addresses (0.0.0.0)
 * Running on http://127.0.0.1:5000
 * Running on http://172.18.0.3:5000
INFO:werkzeug:[33mPress CTRL+C to quit[0m
INFO:werkzeug: * Restarting with stat
INFO:logger:
---------------------------------------------------------------
API v1.1 online: http://localhost:8080/users/


WARNING:werkzeug: * Debugger is active!
INFO:werkzeug: * Debugger PIN: 795-207-727
INFO:logger:GET /users
DEBUG:logger:GET /users - parse
DEBUG:logger:(100, 'buyer1', 'password1', 'buyer1@gmail.com', 'Buyer')
DEBUG:logger:(200, 'seller1', 'password2', 'seller1@gmail.com', 'Seller')
DEBUG:logger:(300, 'buyer2', 'password3', 'buyer2@gmail.com', 'Buyer')
DEBUG:logger:(400, 'seller2', 'password4', 'seller2@gmail.com', 'Seller')
INFO:werkzeug:172.18.0.1 - - [25/Apr/2024 19:59:43] "GET /users/ HTTP/1.1" 200 -
INFO:werkzeug:172.18.0.1 - - [25/Apr/2024 19:59:43] "[33mGET /favicon.ico HTTP/1.1[0m" 404 -
INFO:logger:GET /users
DEBUG:logger:GET /users - parse
DEBUG:logger:(100, 'buyer1', 'password1', 'buyer1@gmail.com', 'Buyer')
DEBUG:logger:(200, 'seller1', 'password2', 'seller1@gmail.com', 'Seller')
DEBUG:logger:(300, 'buyer2', 'password3', 'buyer2@gmail.com', 'Buyer')
DEBUG:logger:(400, 'seller2', 'password4', 'seller2@gmail.com', 'Seller')
INFO:werkzeug:172.18.0.1 - - [25/Apr/2024 20:01:56] "GET /users/ HTTP/1.1" 200 -
INFO:logger:GET /auctions/open/
INFO:werkzeug:172.18.0.1 - - [25/Apr/2024 20:04:21] "GET /auctions/list HTTP/1.1" 200 -
INFO:logger:
---------------------------------------------------------------
API v1.1 online: http://localhost:8080/users/


INFO:werkzeug:[31m[1mWARNING: This is a development server. Do not use it in a production deployment. Use a production WSGI server instead.[0m
 * Running on all addresses (0.0.0.0)
 * Running on http://127.0.0.1:5000
 * Running on http://172.19.0.3:5000
INFO:werkzeug:[33mPress CTRL+C to quit[0m
INFO:werkzeug: * Restarting with stat
INFO:logger:
---------------------------------------------------------------
API v1.1 online: http://localhost:8080/users/


WARNING:werkzeug: * Debugger is active!
INFO:werkzeug: * Debugger PIN: 136-697-163
INFO:logger:GET /users
DEBUG:logger:GET /users - parse
DEBUG:logger:(100, 'buyer1', 'password1', 'buyer1@gmail.com', 'Buyer')
DEBUG:logger:(200, 'seller1', 'password2', 'seller1@gmail.com', 'Seller')
DEBUG:logger:(300, 'buyer2', 'password3', 'buyer2@gmail.com', 'Buyer')
DEBUG:logger:(400, 'seller2', 'password4', 'seller2@gmail.com', 'Seller')
INFO:werkzeug:172.19.0.1 - - [25/Apr/2024 20:18:52] "GET /users/ HTTP/1.1" 200 -
INFO:werkzeug: * Detected change in '/app/demo-proj.py', reloading
INFO:werkzeug: * Restarting with stat
INFO:logger:
---------------------------------------------------------------
API v1.1 online: http://localhost:8080/users/


WARNING:werkzeug: * Debugger is active!
INFO:werkzeug: * Debugger PIN: 136-697-163
